Number of test cases: 10
Number of lobsters in test case 1: 5
Capacity for test case 1: 100.000000
Test case 1: The total value of gold coins is: 180.000000
Test case 1: CPU time used: 0.000010 seconds
Number of lobsters in test case 2: 3
Capacity for test case 2: 50.000000
Test case 2: The total value of gold coins is: 110.000000
Test case 2: CPU time used: 0.000005 seconds
Number of lobsters in test case 3: 30
Capacity for test case 3: 350.000000
Test case 3: The total value of gold coins is: 330.000000
Test case 3: CPU time used: 0.000075 seconds
Number of lobsters in test case 4: 6
Capacity for test case 4: 150.000000
Test case 4: The total value of gold coins is: 382.000000
Test case 4: CPU time used: 0.000014 seconds
Number of lobsters in test case 5: 7
Capacity for test case 5: 200.000000
Test case 5: The total value of gold coins is: 568.000000
Test case 5: CPU time used: 0.000022 seconds
Number of lobsters in test case 6: 8
Capacity for test case 6: 250.000000
Test case 6: The total value of gold coins is: 726.000000
Test case 6: CPU time used: 0.000028 seconds
Number of lobsters in test case 7: 10
Capacity for test case 7: 300.000000
Test case 7: The total value of gold coins is: 928.000000
Test case 7: CPU time used: 0.000040 seconds
Number of lobsters in test case 8: 2
Capacity for test case 8: 75.000000
Test case 8: The total value of gold coins is: 69.000000
Test case 8: CPU time used: 0.000005 seconds
Number of lobsters in test case 9: 9
Capacity for test case 9: 275.000000
Test case 9: The total value of gold coins is: 772.000000
Test case 9: CPU time used: 0.000033 seconds
Number of lobsters in test case 10: 11
Capacity for test case 10: 350.000000
Test case 10: The total value of gold coins is: 1174.000000
Test case 10: CPU time used: 0.000049 seconds
